-------------------------------------------------------------------------------
Test set: com.expedia.vendor.VendorApplicationTests
-------------------------------------------------------------------------------
Tests run: 1, Failures: 0, Errors: 1, Skipped: 0, Time elapsed: 0.357 s <<< FAILURE! - in com.expedia.vendor.VendorApplicationTests
com.expedia.vendor.VendorApplicationTests  Time elapsed: 0.356 s  <<< ERROR!
java.lang.IllegalStateException: Unable to find a @SpringBootConfiguration, you need to use @ContextConfiguration or @SpringBootTest(classes=...) with your test

